2024-08-25 13:12:10,579 INFO django.utils.autoreload Watching for file changes with StatReloader
2024-08-25 13:12:23,410 WARNING django.request Not Found: /
2024-08-25 13:12:23,410 WARNING django.server "GET / HTTP/1.1" 404 3042
2024-08-25 13:12:23,456 WARNING django.request Not Found: /favicon.ico
2024-08-25 13:12:23,456 WARNING django.server "GET /favicon.ico HTTP/1.1" 404 3093
2024-08-25 13:12:37,613 INFO django.server "OPTIONS /login/ HTTP/1.1" 200 0
2024-08-25 13:12:37,815 INFO django.server "POST /login/ HTTP/1.1" 200 135
2024-08-25 13:12:37,854 INFO django.server "OPTIONS /api/users/2/ HTTP/1.1" 200 0
2024-08-25 13:12:37,855 INFO django.server "OPTIONS /api/users/ HTTP/1.1" 200 0
2024-08-25 13:12:37,855 INFO django.server "OPTIONS /api/files/ HTTP/1.1" 200 0
2024-08-25 13:12:37,858 INFO django.server "OPTIONS /api/users/2/ HTTP/1.1" 200 0
2024-08-25 13:12:37,858 INFO django.server "OPTIONS /api/users/ HTTP/1.1" 200 0
2024-08-25 13:12:37,860 INFO django.server "OPTIONS /api/files/ HTTP/1.1" 200 0
2024-08-25 13:12:37,871 INFO django.server "GET /api/users/2/ HTTP/1.1" 200 77
2024-08-25 13:12:37,871 INFO django.server "GET /api/users/ HTTP/1.1" 200 79
2024-08-25 13:12:37,872 INFO django.server "GET /api/files/ HTTP/1.1" 200 630
2024-08-25 13:12:37,872 INFO django.server "GET /api/users/ HTTP/1.1" 200 79
2024-08-25 13:12:37,881 INFO django.server "GET /api/users/2/ HTTP/1.1" 200 77
2024-08-25 13:12:37,883 INFO django.server "GET /api/files/ HTTP/1.1" 200 630
2024-08-25 13:13:40,742 INFO django.server "OPTIONS /logout/ HTTP/1.1" 200 0
2024-08-25 13:13:40,765 INFO django.server "GET /logout/ HTTP/1.1" 200 65
2024-08-25 13:41:10,718 INFO django.server "OPTIONS /login/ HTTP/1.1" 200 0
2024-08-25 13:41:10,722 WARNING django.request Bad Request: /login/
2024-08-25 13:41:10,722 WARNING django.server "POST /login/ HTTP/1.1" 400 89
2024-08-25 13:41:19,372 INFO django.server "POST /login/ HTTP/1.1" 200 135
2024-08-25 13:41:19,402 INFO django.server "OPTIONS /api/users/2/ HTTP/1.1" 200 0
2024-08-25 13:41:19,406 INFO django.server "OPTIONS /api/files/ HTTP/1.1" 200 0
2024-08-25 13:41:19,406 INFO django.server "OPTIONS /api/users/ HTTP/1.1" 200 0
2024-08-25 13:41:19,407 INFO django.server "OPTIONS /api/users/ HTTP/1.1" 200 0
2024-08-25 13:41:19,407 INFO django.server "OPTIONS /api/files/ HTTP/1.1" 200 0
2024-08-25 13:41:19,413 INFO django.server "GET /api/users/2/ HTTP/1.1" 200 77
2024-08-25 13:41:19,414 INFO django.server "GET /api/files/ HTTP/1.1" 200 630
2024-08-25 13:41:19,416 INFO django.server "GET /api/users/ HTTP/1.1" 200 79
2024-08-25 13:41:19,435 INFO django.server "GET /api/users/2/ HTTP/1.1" 200 77
2024-08-25 13:41:19,440 INFO django.server "GET /api/files/ HTTP/1.1" 200 630
2024-08-25 13:41:19,441 INFO django.server "GET /api/users/ HTTP/1.1" 200 79
2024-08-25 13:43:02,210 INFO django.server "OPTIONS /logout/ HTTP/1.1" 200 0
2024-08-25 13:43:02,218 INFO django.server "GET /logout/ HTTP/1.1" 200 65
2024-08-25 13:54:08,050 INFO django.server "OPTIONS /login/ HTTP/1.1" 200 0
2024-08-25 13:54:08,242 INFO django.server "POST /login/ HTTP/1.1" 200 135
2024-08-25 13:54:08,282 INFO django.server "OPTIONS /api/users/2/ HTTP/1.1" 200 0
2024-08-25 13:54:08,283 INFO django.server "OPTIONS /api/files/ HTTP/1.1" 200 0
2024-08-25 13:54:08,284 INFO django.server "OPTIONS /api/users/ HTTP/1.1" 200 0
2024-08-25 13:54:08,288 INFO django.server "OPTIONS /api/files/ HTTP/1.1" 200 0
2024-08-25 13:54:08,288 INFO django.server "OPTIONS /api/users/ HTTP/1.1" 200 0
2024-08-25 13:54:08,298 INFO django.server "GET /api/users/ HTTP/1.1" 200 79
2024-08-25 13:54:08,298 INFO django.server "GET /api/users/2/ HTTP/1.1" 200 77
2024-08-25 13:54:08,299 INFO django.server "GET /api/files/ HTTP/1.1" 200 630
2024-08-25 13:54:08,300 INFO django.server "GET /api/users/2/ HTTP/1.1" 200 77
2024-08-25 13:54:08,302 INFO django.server "GET /api/files/ HTTP/1.1" 200 630
2024-08-25 13:54:08,302 INFO django.server "GET /api/users/ HTTP/1.1" 200 79
2024-08-25 14:00:49,562 INFO django.server "POST /login/ HTTP/1.1" 200 135
2024-08-25 14:00:49,602 INFO django.server "GET /api/users/ HTTP/1.1" 200 79
2024-08-25 14:00:49,602 INFO django.server "GET /api/users/2/ HTTP/1.1" 200 77
2024-08-25 14:00:49,605 INFO django.server "GET /api/files/ HTTP/1.1" 200 630
2024-08-25 14:00:49,612 INFO django.server "GET /api/users/2/ HTTP/1.1" 200 77
2024-08-25 14:00:49,612 INFO django.server "GET /api/users/ HTTP/1.1" 200 79
2024-08-25 14:00:49,613 INFO django.server "GET /api/files/ HTTP/1.1" 200 630
2024-08-25 14:01:41,202 INFO django.server "GET /api/users/ HTTP/1.1" 200 79
2024-08-25 14:01:41,202 INFO django.server "GET /api/users/2/ HTTP/1.1" 200 77
2024-08-25 14:01:41,203 INFO django.server "GET /api/files/ HTTP/1.1" 200 630
2024-08-25 14:01:41,214 INFO django.server "GET /api/files/ HTTP/1.1" 200 630
2024-08-25 14:01:41,214 INFO django.server "GET /api/users/2/ HTTP/1.1" 200 77
2024-08-25 14:01:41,214 INFO django.server "GET /api/users/ HTTP/1.1" 200 79
2024-08-25 14:04:42,385 INFO django.server "OPTIONS /api/files/ HTTP/1.1" 200 0
2024-08-25 14:04:42,385 INFO django.server "OPTIONS /api/users/ HTTP/1.1" 200 0
2024-08-25 14:04:42,400 INFO django.server "GET /api/users/ HTTP/1.1" 200 79
2024-08-25 14:04:42,400 INFO django.server "GET /api/files/ HTTP/1.1" 200 630
2024-08-25 14:04:42,507 INFO django.server "GET /api/files/ HTTP/1.1" 200 630
2024-08-25 14:04:42,508 INFO django.server "GET /api/users/ HTTP/1.1" 200 79
2024-08-25 14:04:51,223 INFO django.server "GET /api/users/ HTTP/1.1" 200 79
2024-08-25 14:04:51,224 INFO django.server "GET /api/files/ HTTP/1.1" 200 630
2024-08-25 14:04:51,458 INFO django.server "GET /api/files/ HTTP/1.1" 200 630
2024-08-25 14:04:51,459 INFO django.server "GET /api/users/ HTTP/1.1" 200 79
2024-08-25 14:05:04,990 INFO django.server "GET /api/users/ HTTP/1.1" 200 79
2024-08-25 14:05:04,991 INFO django.server "GET /api/files/ HTTP/1.1" 200 630
2024-08-25 14:05:05,119 INFO django.server "GET /api/users/ HTTP/1.1" 200 79
2024-08-25 14:05:05,119 INFO django.server "GET /api/files/ HTTP/1.1" 200 630
2024-08-25 14:05:33,491 INFO django.server "GET /api/users/ HTTP/1.1" 200 79
2024-08-25 14:05:33,492 INFO django.server "GET /api/files/ HTTP/1.1" 200 630
2024-08-25 14:05:33,498 INFO django.server "GET /api/users/ HTTP/1.1" 200 79
2024-08-25 14:05:33,499 INFO django.server "GET /api/files/ HTTP/1.1" 200 630
2024-08-25 14:05:50,975 INFO django.server "GET /api/users/ HTTP/1.1" 200 79
2024-08-25 14:05:50,976 INFO django.server "GET /api/files/ HTTP/1.1" 200 630
2024-08-25 14:05:51,510 INFO django.server "GET /api/users/ HTTP/1.1" 200 79
2024-08-25 14:05:51,511 INFO django.server "GET /api/files/ HTTP/1.1" 200 630
2024-08-25 14:09:24,842 INFO django.server "GET /api/users/ HTTP/1.1" 200 79
2024-08-25 14:09:24,844 INFO django.server "GET /api/users/2/ HTTP/1.1" 200 77
2024-08-25 14:09:24,845 INFO django.server "GET /api/files/ HTTP/1.1" 200 630
2024-08-25 14:09:24,851 INFO django.server "GET /api/users/ HTTP/1.1" 200 79
2024-08-25 14:09:24,853 INFO django.server "GET /api/users/2/ HTTP/1.1" 200 77
2024-08-25 14:09:24,854 INFO django.server "GET /api/files/ HTTP/1.1" 200 630
2024-08-25 14:11:52,257 INFO django.server "GET /api/users/ HTTP/1.1" 200 79
2024-08-25 14:11:52,257 INFO django.server "GET /api/files/ HTTP/1.1" 200 630
2024-08-25 14:11:52,257 INFO django.server "GET /api/users/2/ HTTP/1.1" 200 77
2024-08-25 14:11:52,267 INFO django.server "GET /api/users/ HTTP/1.1" 200 79
2024-08-25 14:11:52,268 INFO django.server "GET /api/users/2/ HTTP/1.1" 200 77
2024-08-25 14:11:52,268 INFO django.server "GET /api/files/ HTTP/1.1" 200 630
2024-08-25 14:12:04,989 INFO django.server "GET /api/users/2/ HTTP/1.1" 200 77
2024-08-25 14:12:04,989 INFO django.server "GET /api/files/ HTTP/1.1" 200 630
2024-08-25 14:12:04,989 INFO django.server "GET /api/users/ HTTP/1.1" 200 79
2024-08-25 14:12:04,999 INFO django.server "GET /api/users/ HTTP/1.1" 200 79
2024-08-25 14:12:05,000 INFO django.server "GET /api/users/2/ HTTP/1.1" 200 77
2024-08-25 14:12:05,000 INFO django.server "GET /api/files/ HTTP/1.1" 200 630
2024-08-25 14:16:06,411 INFO django.server "GET /api/users/2/ HTTP/1.1" 200 77
2024-08-25 14:16:06,411 INFO django.server "GET /api/users/ HTTP/1.1" 200 79
2024-08-25 14:16:06,412 INFO django.server "GET /api/files/ HTTP/1.1" 200 630
2024-08-25 14:16:06,422 INFO django.server "GET /api/users/2/ HTTP/1.1" 200 77
2024-08-25 14:16:06,423 INFO django.server "GET /api/users/ HTTP/1.1" 200 79
2024-08-25 14:16:06,424 INFO django.server "GET /api/files/ HTTP/1.1" 200 630
2024-08-25 14:16:16,001 INFO django.server "GET /api/users/ HTTP/1.1" 200 79
2024-08-25 14:16:16,002 INFO django.server "GET /api/files/ HTTP/1.1" 200 630
2024-08-25 14:16:16,006 INFO django.server "GET /api/users/2/ HTTP/1.1" 200 77
2024-08-25 14:16:16,011 INFO django.server "GET /api/users/2/ HTTP/1.1" 200 77
2024-08-25 14:16:16,012 INFO django.server "GET /api/users/ HTTP/1.1" 200 79
2024-08-25 14:16:16,014 INFO django.server "GET /api/files/ HTTP/1.1" 200 630
2024-08-25 14:19:27,379 INFO django.server "GET /api/users/2/ HTTP/1.1" 200 77
2024-08-25 14:19:27,380 INFO django.server "GET /api/users/ HTTP/1.1" 200 79
2024-08-25 14:19:27,380 INFO django.server "GET /api/files/ HTTP/1.1" 200 630
2024-08-25 14:19:27,390 INFO django.server "GET /api/users/ HTTP/1.1" 200 79
2024-08-25 14:19:27,390 INFO django.server "GET /api/users/2/ HTTP/1.1" 200 77
2024-08-25 14:19:27,391 INFO django.server "GET /api/files/ HTTP/1.1" 200 630
2024-08-25 14:20:48,736 INFO django.server "GET /api/users/ HTTP/1.1" 200 79
2024-08-25 14:20:48,736 INFO django.server "GET /api/users/2/ HTTP/1.1" 200 77
2024-08-25 14:20:48,736 INFO django.server "GET /api/files/ HTTP/1.1" 200 630
2024-08-25 14:20:48,742 INFO django.server "GET /api/users/ HTTP/1.1" 200 79
2024-08-25 14:20:48,745 INFO django.server "GET /api/files/ HTTP/1.1" 200 630
2024-08-25 14:20:48,746 INFO django.server "GET /api/users/2/ HTTP/1.1" 200 77
2024-08-25 14:21:16,907 INFO django.server "GET /api/users/ HTTP/1.1" 200 79
2024-08-25 14:21:16,908 INFO django.server "GET /api/files/ HTTP/1.1" 200 630
2024-08-25 14:21:16,908 INFO django.server "GET /api/users/2/ HTTP/1.1" 200 77
2024-08-25 14:21:16,919 INFO django.server "GET /api/files/ HTTP/1.1" 200 630
2024-08-25 14:21:16,919 INFO django.server "GET /api/users/2/ HTTP/1.1" 200 77
2024-08-25 14:21:16,920 INFO django.server "GET /api/users/ HTTP/1.1" 200 79
2024-08-25 14:30:15,306 INFO django.server "GET /logout/ HTTP/1.1" 200 65
2024-08-25 14:30:23,196 INFO django.server "POST /login/ HTTP/1.1" 200 135
2024-08-25 14:30:23,241 INFO django.server "GET /api/users/2/ HTTP/1.1" 200 77
2024-08-25 14:30:23,242 INFO django.server "GET /api/files/ HTTP/1.1" 200 630
2024-08-25 14:30:23,242 INFO django.server "GET /api/users/ HTTP/1.1" 200 79
2024-08-25 14:30:23,251 INFO django.server "GET /api/users/2/ HTTP/1.1" 200 77
2024-08-25 14:30:23,252 INFO django.server "GET /api/users/ HTTP/1.1" 200 79
2024-08-25 14:30:23,252 INFO django.server "GET /api/files/ HTTP/1.1" 200 630
2024-08-25 14:30:29,705 INFO django.server "GET /logout/ HTTP/1.1" 200 65
2024-08-25 14:30:38,707 INFO django.server "POST /login/ HTTP/1.1" 200 135
2024-08-25 14:30:38,733 INFO django.server "OPTIONS /api/users/3/ HTTP/1.1" 200 0
2024-08-25 14:30:38,733 INFO django.server "OPTIONS /api/users/3/ HTTP/1.1" 200 0
2024-08-25 14:30:38,740 INFO django.server "GET /api/files/ HTTP/1.1" 200 630
2024-08-25 14:30:38,742 INFO django.server "GET /api/users/3/ HTTP/1.1" 200 117
2024-08-25 14:30:38,743 INFO django.server "GET /api/users/ HTTP/1.1" 200 513
2024-08-25 14:30:38,749 INFO django.server "GET /api/users/3/ HTTP/1.1" 200 117
2024-08-25 14:30:38,749 INFO django.server "GET /api/files/ HTTP/1.1" 200 630
2024-08-25 14:30:38,751 INFO django.server "GET /api/users/ HTTP/1.1" 200 513
2024-08-25 14:30:51,606 INFO django.server "GET /api/users/3/ HTTP/1.1" 200 117
2024-08-25 14:30:51,620 INFO django.server "GET /api/users/3/ HTTP/1.1" 200 117
2024-08-25 14:30:51,635 INFO django.server "GET /api/users/3/ HTTP/1.1" 200 117
2024-08-25 14:30:51,651 INFO django.server "GET /api/files/ HTTP/1.1" 200 630
2024-08-25 14:30:51,652 INFO django.server "GET /api/users/ HTTP/1.1" 200 513
2024-08-25 14:30:51,652 INFO django.server "GET /api/users/3/ HTTP/1.1" 200 117
2024-08-25 14:30:51,670 INFO django.server "GET /api/files/ HTTP/1.1" 200 630
2024-08-25 14:30:51,674 INFO django.server "GET /api/users/ HTTP/1.1" 200 513
2024-08-25 14:30:59,601 INFO django.server "GET /api/users/ HTTP/1.1" 200 513
2024-08-25 14:30:59,611 INFO django.server "GET /api/users/ HTTP/1.1" 200 513
2024-08-25 14:33:12,534 INFO django.server "GET /api/users/3/ HTTP/1.1" 200 117
2024-08-25 14:33:12,542 INFO django.server "GET /api/users/3/ HTTP/1.1" 200 117
2024-08-25 14:33:12,549 INFO django.server "GET /api/users/3/ HTTP/1.1" 200 117
2024-08-25 14:33:12,557 INFO django.server "GET /api/users/3/ HTTP/1.1" 200 117
2024-08-25 14:33:12,557 INFO django.server "GET /api/users/ HTTP/1.1" 200 513
2024-08-25 14:33:12,566 INFO django.server "GET /api/users/ HTTP/1.1" 200 513
2024-08-25 14:39:24,668 INFO django.server "OPTIONS /api/users/2/ HTTP/1.1" 200 0
2024-08-25 14:39:24,668 INFO django.server "OPTIONS /api/files/ HTTP/1.1" 200 0
2024-08-25 14:39:24,669 INFO django.server "OPTIONS /api/users/ HTTP/1.1" 200 0
2024-08-25 14:39:24,671 INFO django.server "OPTIONS /api/users/2/ HTTP/1.1" 200 0
2024-08-25 14:39:24,674 INFO django.server "OPTIONS /api/files/ HTTP/1.1" 200 0
2024-08-25 14:39:24,674 INFO django.server "OPTIONS /api/users/ HTTP/1.1" 200 0
2024-08-25 14:39:24,687 INFO django.server "GET /api/files/ HTTP/1.1" 200 630
2024-08-25 14:39:24,687 INFO django.server "GET /api/users/2/ HTTP/1.1" 200 77
2024-08-25 14:39:24,687 INFO django.server "GET /api/users/ HTTP/1.1" 200 79
2024-08-25 14:39:24,688 INFO django.server "GET /api/users/2/ HTTP/1.1" 200 77
2024-08-25 14:39:24,688 INFO django.server "GET /api/users/ HTTP/1.1" 200 79
2024-08-25 14:39:24,689 INFO django.server "GET /api/files/ HTTP/1.1" 200 630
2024-08-25 14:47:10,906 WARNING django.request Not Found: /
2024-08-25 14:47:10,907 WARNING django.server "GET / HTTP/1.1" 404 3042
