2024-08-31 08:57:13,462 INFO django.utils.autoreload Watching for file changes with StatReloader
2024-08-31 08:58:10,863 WARNING django.request Not Found: /
2024-08-31 08:58:10,863 WARNING django.server "GET / HTTP/1.1" 404 3042
2024-08-31 08:58:10,913 WARNING django.request Not Found: /favicon.ico
2024-08-31 08:58:10,913 WARNING django.server "GET /favicon.ico HTTP/1.1" 404 3093
2024-08-31 08:58:23,009 INFO django.server "OPTIONS /login/ HTTP/1.1" 200 0
2024-08-31 08:58:23,208 INFO django.server "POST /login/ HTTP/1.1" 200 135
2024-08-31 08:58:23,231 INFO django.server "OPTIONS /api/users/2/ HTTP/1.1" 200 0
2024-08-31 08:58:23,233 INFO django.server "OPTIONS /api/files/ HTTP/1.1" 200 0
2024-08-31 08:58:23,233 INFO django.server "OPTIONS /api/users/ HTTP/1.1" 200 0
2024-08-31 08:58:23,233 INFO django.server "OPTIONS /api/users/2/ HTTP/1.1" 200 0
2024-08-31 08:58:23,234 INFO django.server "OPTIONS /api/users/ HTTP/1.1" 200 0
2024-08-31 08:58:23,234 INFO django.server "OPTIONS /api/files/ HTTP/1.1" 200 0
2024-08-31 08:58:23,241 INFO django.server "GET /api/users/2/ HTTP/1.1" 200 77
2024-08-31 08:58:23,243 INFO django.server "GET /api/files/ HTTP/1.1" 200 630
2024-08-31 08:58:23,244 INFO django.server "GET /api/users/ HTTP/1.1" 200 79
2024-08-31 08:58:23,253 INFO django.server "GET /api/users/2/ HTTP/1.1" 200 77
2024-08-31 08:58:23,254 INFO django.server "GET /api/files/ HTTP/1.1" 200 630
2024-08-31 08:58:23,254 INFO django.server "GET /api/users/ HTTP/1.1" 200 79
2024-08-31 08:58:39,721 INFO django.server "OPTIONS /logout/ HTTP/1.1" 200 0
2024-08-31 08:58:39,738 INFO django.server "GET /logout/ HTTP/1.1" 200 65
2024-08-31 11:28:00,692 INFO django.utils.autoreload Watching for file changes with StatReloader
2024-08-31 11:28:03,843 WARNING django.request Not Found: /
2024-08-31 11:28:03,843 WARNING django.server "GET / HTTP/1.1" 404 3042
2024-08-31 11:28:07,697 WARNING django.request Not Found: /
2024-08-31 11:28:07,698 WARNING django.server "GET / HTTP/1.1" 404 3042
2024-08-31 11:28:11,833 INFO django.server "GET /admin/login/?next=/admin/ HTTP/1.1" 200 4181
2024-08-31 11:28:11,856 INFO django.server "GET /static/admin/css/nav_sidebar.css HTTP/1.1" 200 2694
2024-08-31 11:28:11,857 INFO django.server "GET /static/admin/js/nav_sidebar.js HTTP/1.1" 200 3063
2024-08-31 11:28:11,857 INFO django.server "GET /static/admin/css/login.css HTTP/1.1" 200 958
2024-08-31 11:28:11,857 INFO django.server "GET /static/admin/css/base.css HTTP/1.1" 200 21310
2024-08-31 11:28:11,857 INFO django.server "GET /static/admin/css/dark_mode.css HTTP/1.1" 200 2929
2024-08-31 11:28:11,858 INFO django.server "GET /static/admin/css/responsive.css HTTP/1.1" 200 18559
2024-08-31 11:28:11,858 INFO django.server "GET /static/admin/js/theme.js HTTP/1.1" 304 0
2024-08-31 11:28:20,332 INFO django.server "POST /admin/login/?next=/admin/ HTTP/1.1" 200 4341
2024-08-31 11:28:26,763 INFO django.server "POST /admin/login/?next=/admin/ HTTP/1.1" 200 4342
2024-08-31 11:28:34,868 INFO django.server "POST /admin/login/?next=/admin/ HTTP/1.1" 302 0
2024-08-31 11:28:35,027 INFO django.server "GET /admin/ HTTP/1.1" 200 4527
2024-08-31 11:28:35,035 INFO django.server "GET /static/admin/css/dashboard.css HTTP/1.1" 200 441
2024-08-31 11:28:43,592 WARNING django.request Not Found: /
2024-08-31 11:28:43,593 WARNING django.server "GET / HTTP/1.1" 404 3042
2024-08-31 11:28:49,843 INFO django.server "POST /admin/logout/ HTTP/1.1" 200 3576
2024-08-31 11:28:51,355 INFO django.server "GET /admin/ HTTP/1.1" 302 0
2024-08-31 11:28:51,371 INFO django.server "GET /admin/login/?next=/admin/ HTTP/1.1" 200 4181
2024-08-31 11:28:59,672 INFO django.server "POST /admin/login/?next=/admin/ HTTP/1.1" 200 4342
2024-08-31 11:29:08,865 INFO django.server "POST /admin/login/?next=/admin/ HTTP/1.1" 302 0
2024-08-31 11:29:08,896 INFO django.server "GET /admin/ HTTP/1.1" 200 4527
2024-08-31 11:29:13,176 INFO django.server "GET /admin/ HTTP/1.1" 200 4527
2024-08-31 11:29:16,605 WARNING django.request Not Found: /
2024-08-31 11:29:16,606 WARNING django.server "GET / HTTP/1.1" 404 3042
2024-08-31 11:29:21,217 INFO django.server "GET /admin/password_change/ HTTP/1.1" 200 5975
2024-08-31 11:29:21,228 INFO django.server "GET /static/admin/css/forms.css HTTP/1.1" 200 9090
2024-08-31 11:29:21,232 INFO django.server "GET /static/admin/css/widgets.css HTTP/1.1" 200 11921
2024-08-31 11:29:24,055 INFO django.server "POST /admin/logout/ HTTP/1.1" 200 3576
2024-08-31 11:29:25,613 INFO django.server "GET /admin/ HTTP/1.1" 302 0
2024-08-31 11:29:25,627 INFO django.server "GET /admin/login/?next=/admin/ HTTP/1.1" 200 4181
2024-08-31 11:29:33,824 INFO django.server "POST /admin/login/?next=/admin/ HTTP/1.1" 302 0
2024-08-31 11:29:33,980 INFO django.server "GET /admin/ HTTP/1.1" 200 8664
2024-08-31 11:29:33,994 INFO django.server "GET /static/admin/img/icon-changelink.svg HTTP/1.1" 200 380
2024-08-31 11:29:33,995 INFO django.server "GET /static/admin/img/icon-addlink.svg HTTP/1.1" 200 331
2024-08-31 11:29:39,695 INFO django.server "GET /admin/accounts/customuser/ HTTP/1.1" 200 11745
2024-08-31 11:29:39,703 INFO django.server "GET /static/admin/css/changelists.css HTTP/1.1" 200 6566
2024-08-31 11:29:39,706 INFO django.server "GET /static/admin/js/core.js HTTP/1.1" 200 5682
2024-08-31 11:29:39,706 INFO django.server "GET /static/admin/js/jquery.init.js HTTP/1.1" 200 347
2024-08-31 11:29:39,706 INFO django.server "GET /static/admin/js/actions.js HTTP/1.1" 200 7872
2024-08-31 11:29:39,706 INFO django.server "GET /static/admin/js/admin/RelatedObjectLookups.js HTTP/1.1" 200 8943
2024-08-31 11:29:39,707 INFO django.server "GET /static/admin/js/urlify.js HTTP/1.1" 200 7887
2024-08-31 11:29:39,707 INFO django.server "GET /static/admin/js/prepopulate.js HTTP/1.1" 200 1531
2024-08-31 11:29:39,708 INFO django.server "GET /static/admin/js/filters.js HTTP/1.1" 200 978
2024-08-31 11:29:39,710 INFO django.server "GET /admin/jsi18n/ HTTP/1.1" 200 3343
2024-08-31 11:29:39,711 INFO django.server "GET /static/admin/js/vendor/jquery/jquery.js HTTP/1.1" 200 292458
2024-08-31 11:29:39,711 INFO django.server "GET /static/admin/js/vendor/xregexp/xregexp.js HTTP/1.1" 200 232381
2024-08-31 11:29:39,712 INFO django.server "GET /static/admin/img/search.svg HTTP/1.1" 200 458
2024-08-31 11:29:39,712 INFO django.server "GET /static/admin/img/icon-yes.svg HTTP/1.1" 200 436
2024-08-31 11:29:39,713 INFO django.server "GET /static/admin/img/icon-no.svg HTTP/1.1" 200 560
2024-08-31 11:29:39,730 INFO django.server "GET /static/admin/img/sorting-icons.svg HTTP/1.1" 200 1097
2024-08-31 11:29:39,730 INFO django.server "GET /static/admin/img/tooltag-add.svg HTTP/1.1" 200 331
2024-08-31 11:29:45,267 INFO django.server "GET /admin/accounts/customuser/2/change/ HTTP/1.1" 200 18070
2024-08-31 11:29:45,278 INFO django.server "GET /static/admin/js/change_form.js HTTP/1.1" 200 606
2024-08-31 11:29:45,279 INFO django.server "GET /static/admin/js/inlines.js HTTP/1.1" 200 15526
2024-08-31 11:29:45,279 INFO django.server "GET /static/admin/js/prepopulate_init.js HTTP/1.1" 200 586
2024-08-31 11:29:45,286 INFO django.server "GET /admin/jsi18n/ HTTP/1.1" 200 3343
2024-08-31 11:29:57,115 INFO django.server "GET /admin/password_change/ HTTP/1.1" 200 7533
2024-08-31 11:30:02,587 INFO django.server "GET /admin/accounts/customuser/ HTTP/1.1" 200 11745
2024-08-31 11:30:02,609 INFO django.server "GET /admin/jsi18n/ HTTP/1.1" 200 3343
2024-08-31 11:30:10,935 INFO django.server "GET /admin/accounts/customuser/4/change/ HTTP/1.1" 200 14203
2024-08-31 11:30:10,956 INFO django.server "GET /admin/jsi18n/ HTTP/1.1" 200 3343
2024-08-31 11:30:13,806 INFO django.server "POST /admin/accounts/customuser/4/change/ HTTP/1.1" 302 0
2024-08-31 11:30:13,853 INFO django.server "GET /admin/accounts/customuser/ HTTP/1.1" 200 11948
2024-08-31 11:30:13,873 INFO django.server "GET /admin/jsi18n/ HTTP/1.1" 200 3343
2024-08-31 17:28:24,669 INFO django.server "OPTIONS /login/ HTTP/1.1" 200 0
2024-08-31 17:28:24,872 INFO django.server "POST /login/ HTTP/1.1" 200 135
2024-08-31 17:28:24,895 INFO django.server "OPTIONS /api/users/4/ HTTP/1.1" 200 0
2024-08-31 17:28:24,897 INFO django.server "OPTIONS /api/files/ HTTP/1.1" 200 0
2024-08-31 17:28:24,898 INFO django.server "OPTIONS /api/users/4/ HTTP/1.1" 200 0
2024-08-31 17:28:24,899 INFO django.server "OPTIONS /api/users/ HTTP/1.1" 200 0
2024-08-31 17:28:24,900 INFO django.server "OPTIONS /api/files/ HTTP/1.1" 200 0
2024-08-31 17:28:24,900 INFO django.server "OPTIONS /api/users/ HTTP/1.1" 200 0
2024-08-31 17:28:24,904 INFO django.server "GET /api/users/4/ HTTP/1.1" 200 117
2024-08-31 17:28:24,910 INFO django.server "GET /api/files/ HTTP/1.1" 200 630
2024-08-31 17:28:24,912 INFO django.server "GET /api/users/ HTTP/1.1" 200 512
2024-08-31 17:28:24,914 INFO django.server "GET /api/users/4/ HTTP/1.1" 200 117
2024-08-31 17:28:24,919 INFO django.server "GET /api/files/ HTTP/1.1" 200 630
2024-08-31 17:28:24,920 INFO django.server "GET /api/users/ HTTP/1.1" 200 512
2024-08-31 17:29:34,242 INFO django.server "POST /api/files/ HTTP/1.1" 201 259
2024-08-31 17:29:34,261 INFO django.server "GET /api/files/ HTTP/1.1" 200 890
2024-08-31 17:29:46,592 INFO django.server "GET /api/users/4/ HTTP/1.1" 200 128
2024-08-31 17:29:46,604 INFO django.server "GET /api/users/4/ HTTP/1.1" 200 128
2024-08-31 17:29:46,615 INFO django.server "GET /api/users/4/ HTTP/1.1" 200 128
2024-08-31 17:29:46,631 INFO django.server "GET /api/files/ HTTP/1.1" 200 890
2024-08-31 17:29:46,631 INFO django.server "GET /api/users/4/ HTTP/1.1" 200 128
2024-08-31 17:29:46,633 INFO django.server "GET /api/users/ HTTP/1.1" 200 523
2024-08-31 17:29:46,653 INFO django.server "GET /api/files/ HTTP/1.1" 200 890
2024-08-31 17:29:46,654 INFO django.server "GET /api/users/ HTTP/1.1" 200 523
2024-08-31 17:29:59,847 INFO django.server "GET /api/users/4/ HTTP/1.1" 200 128
2024-08-31 17:29:59,853 INFO django.server "GET /api/files/ HTTP/1.1" 200 890
2024-08-31 17:29:59,854 INFO django.server "GET /api/users/ HTTP/1.1" 200 523
2024-08-31 17:29:59,862 INFO django.server "GET /api/users/4/ HTTP/1.1" 200 128
2024-08-31 17:29:59,863 INFO django.server "GET /api/files/ HTTP/1.1" 200 890
2024-08-31 17:29:59,864 INFO django.server "GET /api/users/ HTTP/1.1" 200 523
2024-08-31 17:30:29,582 INFO django.server "GET /admin/accounts/customuser/4/change/ HTTP/1.1" 200 16105
2024-08-31 17:30:29,600 INFO django.server "GET /admin/jsi18n/ HTTP/1.1" 200 3343
2024-08-31 17:30:33,682 INFO django.server "POST /admin/accounts/customuser/4/change/ HTTP/1.1" 302 0
2024-08-31 17:30:33,724 INFO django.server "GET /admin/accounts/customuser/ HTTP/1.1" 200 11948
2024-08-31 17:30:33,741 INFO django.server "GET /admin/jsi18n/ HTTP/1.1" 200 3343
2024-08-31 17:30:45,688 INFO django.server "GET /api/files/ HTTP/1.1" 200 261
2024-08-31 17:30:45,688 INFO django.server "GET /api/users/4/ HTTP/1.1" 200 53
2024-08-31 17:30:45,693 INFO django.server "GET /api/users/ HTTP/1.1" 200 55
2024-08-31 17:30:45,698 INFO django.server "GET /api/users/4/ HTTP/1.1" 200 53
2024-08-31 17:30:45,711 INFO django.server "GET /api/files/ HTTP/1.1" 200 261
2024-08-31 17:30:45,711 INFO django.server "GET /api/users/ HTTP/1.1" 200 55
2024-08-31 17:31:07,732 INFO django.server "GET /admin/accounts/customuser/4/change/ HTTP/1.1" 200 16097
2024-08-31 17:31:07,746 INFO django.server "GET /admin/jsi18n/ HTTP/1.1" 200 3343
2024-08-31 17:31:17,306 INFO django.server "POST /admin/accounts/customuser/4/change/ HTTP/1.1" 302 0
2024-08-31 17:31:17,331 INFO django.server "GET /admin/accounts/customuser/ HTTP/1.1" 200 11948
2024-08-31 17:31:17,345 INFO django.server "GET /admin/jsi18n/ HTTP/1.1" 200 3343
2024-08-31 17:31:19,091 INFO django.server "GET /admin/accounts/customuser/4/change/ HTTP/1.1" 200 16105
2024-08-31 17:31:19,104 INFO django.server "GET /admin/jsi18n/ HTTP/1.1" 200 3343
2024-08-31 17:31:20,807 INFO django.server "POST /admin/accounts/customuser/4/change/ HTTP/1.1" 302 0
2024-08-31 17:31:20,855 INFO django.server "GET /admin/accounts/customuser/ HTTP/1.1" 200 11948
2024-08-31 17:31:20,873 INFO django.server "GET /admin/jsi18n/ HTTP/1.1" 200 3343
2024-08-31 17:31:43,261 INFO django.server "GET /api/users/4/ HTTP/1.1" 200 128
2024-08-31 17:31:43,263 INFO django.server "GET /api/files/ HTTP/1.1" 200 890
2024-08-31 17:31:43,264 INFO django.server "GET /api/users/ HTTP/1.1" 200 523
2024-08-31 17:31:43,267 INFO django.server "GET /api/users/4/ HTTP/1.1" 200 128
2024-08-31 17:31:43,272 INFO django.server "GET /api/files/ HTTP/1.1" 200 890
2024-08-31 17:31:43,272 INFO django.server "GET /api/users/ HTTP/1.1" 200 523
2024-08-31 17:31:48,545 INFO django.server "GET /api/users/4/ HTTP/1.1" 200 128
2024-08-31 17:31:48,555 INFO django.server "GET /api/users/4/ HTTP/1.1" 200 128
2024-08-31 17:31:48,566 INFO django.server "GET /api/users/4/ HTTP/1.1" 200 128
2024-08-31 17:31:48,578 INFO django.server "GET /api/users/4/ HTTP/1.1" 200 128
2024-08-31 17:31:48,579 INFO django.server "GET /api/users/ HTTP/1.1" 200 523
2024-08-31 17:31:48,593 INFO django.server "GET /api/users/ HTTP/1.1" 200 523
2024-08-31 17:32:05,463 INFO django.server "GET /api/files/ HTTP/1.1" 200 890
2024-08-31 17:32:05,467 INFO django.server "GET /api/users/ HTTP/1.1" 200 523
2024-08-31 17:32:05,476 INFO django.server "GET /api/files/ HTTP/1.1" 200 890
2024-08-31 17:32:05,476 INFO django.server "GET /api/users/ HTTP/1.1" 200 523
